make all --print-data-base --no-builtin-variables --no-builtin-rules --question
# GNU Make 4.3
# Built for x86_64-pc-linux-gnu
# Copyright (C) 1988-2020 Free Software Foundation, Inc.
# License GPLv3+: GNU GPL version 3 or later <http://gnu.org/licenses/gpl.html>
# This is free software: you are free to change and redistribute it.
# There is NO WARRANTY, to the extent permitted by law.

# Make data base, printed on Mon Aug 22 18:08:53 2022

# Variables

# environment
GDK_BACKEND = x11
# environment
LC_ALL = C
# environment
GNOME_SHELL_SESSION_MODE = ubuntu
# environment
SSH_AGENT_LAUNCHER = gnome-keyring
# environment
GJS_DEBUG_OUTPUT = stderr
# environment
LC_NAME = en_IE.UTF-8
# environment
LC_NUMERIC = en_IE.UTF-8
# environment
VSCODE_CWD = /home/jesuel
# makefile (from 'Makefile', line 11)
LIBS := -lm
# environment
LC_ADDRESS = en_IE.UTF-8
# default
MAKE_COMMAND := make
# environment
QT_ACCESSIBILITY = 1
# automatic
@D = $(patsubst %/,%,$(dir $@))
# makefile (from 'Makefile', line 1)
INCLUDE_DIR := include
# environment
VSCODE_HANDLES_UNCAUGHT_ERRORS = true
# default
.VARIABLES := 
# environment
PWD = /home/jesuel/Documentos/Maynooth/GaugeFix-Coulomb-RedBlack-MPI
# automatic
%D = $(patsubst %/,%,$(dir $%))
# environment
XDG_DATA_DIRS = /usr/share/ubuntu:/usr/local/share/:/usr/share/:/var/lib/snapd/desktop
# automatic
^D = $(patsubst %/,%,$(dir $^))
# automatic
%F = $(notdir $%)
# environment
VSCODE_CODE_CACHE_PATH = /home/jesuel/.config/Code/CachedData/e4503b30fc78200f846c62cf8091b76ff5547662
# environment
LANG = C
# environment
XAUTHORITY = /run/user/1000/.mutter-Xwaylandauth.BD2ER1
# default
.LOADED := 
# default
.INCLUDE_DIRS = /usr/local/include /usr/include /usr/include
# makefile
MAKEFLAGS = pqrR
# makefile
CURDIR := /home/jesuel/Documentos/Maynooth/GaugeFix-Coulomb-RedBlack-MPI
# makefile (from 'Makefile', line 21)
DEPENDS = $(patsubst %, $(BUILD_DIR)/%, $(_DEPENDS))
# environment
APPLICATION_INSIGHTS_NO_DIAGNOSTIC_CHANNEL = 1
# environment
LESSOPEN = | /usr/bin/lesspipe %s
# automatic
*D = $(patsubst %/,%,$(dir $*))
# environment
MFLAGS = -pqrR
# environment
SSH_AUTH_SOCK = /run/user/1000/keyring/ssh
# default
.SHELLFLAGS := -c
# environment
WAYLAND_DISPLAY = wayland-0
# environment
XDG_CONFIG_DIRS = /etc/xdg/xdg-ubuntu:/etc/xdg
# automatic
+D = $(patsubst %/,%,$(dir $+))
# environment
XDG_SESSION_DESKTOP = ubuntu
# makefile (from 'build/measurement.d', line 1)
MAKEFILE_LIST := Makefile build/SU2_ops.d build/SU3_ops.d build/config_io.d build/convert_precision.d build/fourvector_field.d build/gauge_fixing.d build/integpoly_gauge_fixing.d build/lattice.d build/measurement.d
# automatic
@F = $(notdir $@)
# makefile (from 'Makefile', line 9)
WARNINGS := -Wall -Wextra
# makefile (from 'Makefile', line 17)
_OBJECTS = $(patsubst $(SOURCE_DIR)/%.c, %.o, $(SOURCES))
# environment
VSCODE_PID = 24618
# environment
XDG_SESSION_TYPE = wayland
# automatic
?D = $(patsubst %/,%,$(dir $?))
# environment
SESSION_MANAGER = local/jesuel-dell-notebook:@/tmp/.ICE-unix/1465,unix/jesuel-dell-notebook:/tmp/.ICE-unix/1465
# automatic
*F = $(notdir $*)
# environment
CHROME_DESKTOP = code-url-handler.desktop
# environment
DBUS_SESSION_BUS_ADDRESS = unix:path=/run/user/1000/bus
# automatic
<D = $(patsubst %/,%,$(dir $<))
# environment
VSCODE_NLS_CONFIG = {"locale":"pt-br","availableLanguages":{"*":"pt-br"},"_languagePackId":"8e7a008e83c664b9876a8f72ff0490ae.pt-br","_translationsConfigFile":"/home/jesuel/.config/Code/clp/8e7a008e83c664b9876a8f72ff0490ae.pt-br/tcf.json","_cacheRoot":"/home/jesuel/.config/Code/clp/8e7a008e83c664b9876a8f72ff0490ae.pt-br","_resolvedLanguagePackCoreLocation":"/home/jesuel/.config/Code/clp/8e7a008e83c664b9876a8f72ff0490ae.pt-br/e4503b30fc78200f846c62cf8091b76ff5547662","_corruptedFile":"/home/jesuel/.config/Code/clp/8e7a008e83c664b9876a8f72ff0490ae.pt-br/corrupted.info","_languagePackSupport":true}
# makefile (from 'Makefile', line 20)
_DEPENDS = $(patsubst $(SOURCE_DIR)/%.c, %.d, $(SOURCES))
# default
MAKE_HOST := x86_64-pc-linux-gnu
# environment
GNOME_DESKTOP_SESSION_ID = this-is-deprecated
# makefile
SHELL = /bin/sh
# default
MAKECMDGOALS := all
# environment
 
XMODIFIERS = @im=ibus
# environment
GJS_DEBUG_TOPICS = JS ERROR;JS LOG
# environment
SHLVL = 0
# environment
MAKELEVEL := 0
# environment
IM_CONFIG_CHECK_ENV = 1
# default
MAKE = $(MAKE_COMMAND)
# environment
PATH = /usr/local/sbin:/usr/local/bin:/usr/sbin:/usr/bin:/sbin:/bin:/usr/games:/usr/local/games:/snap/bin:/snap/bin
# default
MAKEFILES := 
# environment
LANGUAGE = pt_BR:pt:pt_PT:en
# environment
LC_MONETARY = en_IE.UTF-8
# automatic
^F = $(notdir $^)
# makefile (from 'Makefile', line 13)
DEPENDENCIES = $(wildcard $(INCLUDE_DIR)/*.h)
# makefile (from 'Makefile', line 4)
DEPENDS_DIR := dep
# environment
LC_TIME = en_IE.UTF-8
# makefile (from 'Makefile', line 24)
BINARIES = gauge_fix_coulomb plaquette_check
# environment
INVOCATION_ID = bd539080b7714ba5857ca91847340957
# environment
USERNAME = jesuel
# environment
GNOME_SETUP_DISPLAY = :1
# environment
LC_TELEPHONE = en_IE.UTF-8
# environment
LESSCLOSE = /usr/bin/lesspipe %s %s
# automatic
?F = $(notdir $?)
# environment
XDG_CURRENT_DESKTOP = Unity
# environment
LS_COLORS = 
# automatic
+F = $(notdir $+)
# environment
DESKTOP_SESSION = ubuntu
# environment
ORIGINAL_XDG_CURRENT_DESKTOP = ubuntu:GNOME
# makefile (from 'Makefile', line 18)
OBJECTS = $(patsubst %, $(BUILD_DIR)/%, $(_OBJECTS))
# 'override' directive
GNUMAKEFLAGS := 
# environment
LOGNAME = jesuel
# environment
GIO_LAUNCHED_DESKTOP_FILE = /usr/share/applications/code.desktop
# makefile (from 'Makefile', line 2)
SOURCE_DIR := src
# makefile
.DEFAULT_GOAL := all
# environment
SYSTEMD_EXEC_PID = 1496
# environment
DISPLAY = :0
# environment
USER = jesuel
# environment
GTK_MODULES = gail:atk-bridge
# default
MAKE_VERSION := 4.3
# environment
MANAGERPID = 1330
# environment
LC_MEASUREMENT = en_IE.UTF-8
# environment
GIO_LAUNCHED_DESKTOP_FILE_PID = 24618
# environment
_ = /usr/share/code/code
# environment
LC_PAPER = en_IE.UTF-8
# environment
XDG_RUNTIME_DIR = /run/user/1000
# makefile (from 'Makefile', line 7)
CFLAGS := -Iinclude -std=c99 -O4 -march=skylake-avx512 -mtune=skylake-avx512 -fopenmp -w
# environment
JOURNAL_STREAM = 8:28274
# environment
XDG_SESSION_CLASS = user
# environment
VSCODE_AMD_ENTRYPOINT = vs/workbench/api/node/extensionHostProcess
# makefile (from 'Makefile', line 3)
BUILD_DIR := build
# environment
HOME = /home/jesuel
# environment
QT_IM_MODULE = ibus
# environment
ELECTRON_RUN_AS_NODE = 1
# environment
VSCODE_IPC_HOOK = /run/user/1000/vscode-ce5b46ed-1.70.2-main.sock
# environment
MATHEMATICA_HOME = /usr/local/Wolfram/Mathematica/13.0
# environment
IM_CONFIG_PHASE = 1
# default
.RECIPEPREFIX := 
# automatic
<F = $(notdir $<)
# default
SUFFIXES := 
# default
.FEATURES := target-specific order-only second-expansion else-if shortest-stem undefine oneshell nocomment grouped-target extra-prereqs archives jobserver output-sync check-symlink load
# makefile (from 'Makefile', line 6)
CC := gcc
# makefile (from 'Makefile', line 15)
SOURCES := src/SU2_ops.c src/SU3_ops.c src/config_io.c src/convert_precision.c src/fourvector_field.c src/gauge_fixing.c src/integpoly_gauge_fixing.c src/lattice.c src/measurement.c
# environment
XDG_MENU_PREFIX = gnome-
# environment
GDMSESSION = ubuntu
# environment
LC_IDENTIFICATION = en_IE.UTF-8
# variable set hash-table stats:
# Load=120/1024=12%, Rehash=0, Collisions=8/188=4%

# Pattern-specific Variable Values

# No pattern-specific variable values.

# Directories

# src (device 66311, inode 10356927): 11 files, no impossibilities.
# . (device 66311, inode 10230907): 26 files, no impossibilities.

# 37 files, no impossibilities in 2 directories.

# Implicit Rules

build/%.o: src/%.c Makefile
#  recipe to execute (from 'Makefile', line 43):
	$(CC) -c $< -o $@  $(CFLAGS) $(WARNINGS) -MMD -MP

# 1 implicit rules, 0 (0.0%) terminal.
# Files

# Not a target:
src/measurement.c:
#  Implicit rule search has been done.
#  Last modified 2022-08-22 15:14:24.863079275
#  File has been updated.
#  Successfully updated.

build/SU3_ops.o: src/SU3_ops.c Makefile src/SU3_ops.c include/math_ops.h include/lattice.h include/SU3_parameters.h include/SU2_ops.h include/SU3_ops.h include/gauge_fixing.h
#  Implicit rule search has been done.
#  Implicit/static pattern stem: 'SU3_ops'
#  Last modified 2022-08-22 18:07:58.18297999
#  File has been updated.
#  Successfully updated.
#  recipe to execute (from 'Makefile', line 43):
	$(CC) -c $< -o $@  $(CFLAGS) $(WARNINGS) -MMD -MP

# Not a target:
src/lattice.c:
#  Implicit rule search has been done.
#  Last modified 2022-08-22 17:40:25.302316604
#  File has been updated.
#  Successfully updated.

# Not a target:
src/SU3_ops.c:
#  Implicit rule search has been done.
#  Last modified 2022-08-22 16:57:23.128891787
#  File has been updated.
#  Successfully updated.

# Not a target:
src/convert_precision.c:
#  Implicit rule search has been done.
#  Last modified 2022-08-19 17:22:15.241064281
#  File has been updated.
#  Successfully updated.

# Not a target:
build/SU3_ops.d:
#  Implicit rule search has been done.
#  Last modified 2022-08-22 18:07:58.174980004
#  File has been updated.
#  Successfully updated.

# Not a target:
src/fourvector_field.c:
#  Implicit rule search has been done.
#  Last modified 2022-08-22 17:44:03.229741179
#  File has been updated.
#  Successfully updated.

# Not a target:
src/config_io.c:
#  Implicit rule search has been done.
#  Last modified 2022-08-22 17:49:39.216989613
#  File has been updated.
#  Successfully updated.

build/lattice.o: src/lattice.c Makefile src/lattice.c include/SU3_gaugefixing_parameters.h include/SU3_parameters.h include/SU2_ops.h include/lattice.h include/SU3_ops.h include/gauge_fixing.h
#  Implicit rule search has been done.
#  Implicit/static pattern stem: 'lattice'
#  Last modified 2022-08-22 18:07:57.518981125
#  File has been updated.
#  Successfully updated.
#  recipe to execute (from 'Makefile', line 43):
	$(CC) -c $< -o $@  $(CFLAGS) $(WARNINGS) -MMD -MP

# Not a target:
Makefile:
#  Implicit rule search has been done.
#  Last modified 2022-08-22 18:07:30.031028134
#  File has been updated.
#  Successfully updated.

# Not a target:
build/lattice.d:
#  Implicit rule search has been done.
#  Last modified 2022-08-22 18:07:57.514981131
#  File has been updated.
#  Successfully updated.

build/gauge_fixing.o: src/gauge_fixing.c Makefile src/gauge_fixing.c include/SU3_gaugefixing_parameters.h include/SU3_parameters.h include/lattice.h include/math_ops.h include/SU2_ops.h include/SU3_ops.h include/gauge_fixing.h include/fourvector_field.h
#  Implicit rule search has been done.
#  Implicit/static pattern stem: 'gauge_fixing'
#  Last modified 2022-08-22 18:07:57.342981425
#  File has been updated.
#  Successfully updated.
#  recipe to execute (from 'Makefile', line 43):
	$(CC) -c $< -o $@  $(CFLAGS) $(WARNINGS) -MMD -MP

include/SU3_ops.h:
#  Implicit rule search has been done.
#  Last modified 2022-08-22 15:09:34.75711484
#  File has been updated.
#  Successfully updated.

clean:
#  Phony target (prerequisite of .PHONY).
#  Implicit rule search has not been done.
#  File does not exist.
#  File has not been updated.
#  recipe to execute (from 'Makefile', line 46):
	rm -f $(BINARIES) $(BUILD_DIR)/*.[od] *~ */*~ 

build/SU2_ops.o: src/SU2_ops.c Makefile src/SU2_ops.c include/math_ops.h include/lattice.h include/SU3_parameters.h include/SU2_ops.h
#  Implicit rule search has been done.
#  Implicit/static pattern stem: 'SU2_ops'
#  Last modified 2022-08-22 18:07:57.606980974
#  File has been updated.
#  Successfully updated.
#  recipe to execute (from 'Makefile', line 43):
	$(CC) -c $< -o $@  $(CFLAGS) $(WARNINGS) -MMD -MP

include/gauge_fixing.h:
#  Implicit rule search has been done.
#  Last modified 2022-08-17 14:08:50.510461959
#  File has been updated.
#  Successfully updated.

# Not a target:
build/config_io.d:
#  Implicit rule search has been done.
#  Last modified 2022-08-22 18:07:57.17098172
#  File has been updated.
#  Successfully updated.

include/integpoly_gauge_fixing.h:
#  Implicit rule search has been done.
#  Last modified 2022-08-17 13:21:29.497159882
#  File has been updated.
#  Successfully updated.

# Not a target:
.DEFAULT:
#  Implicit rule search has not been done.
#  Modification time never checked.
#  File has not been updated.

all: gauge_fix_coulomb plaquette_check
#  Phony target (prerequisite of .PHONY).
#  Command line target.
#  Implicit rule search has not been done.
#  File does not exist.
#  File has been updated.
#  Successfully updated.

# Not a target:
src/integpoly_gauge_fixing.c:
#  Implicit rule search has been done.
 
#  Last modified 2022-08-22 15:13:30.106613341
#  File has been updated.
#  Successfully updated.

build/measurement.o: src/measurement.c Makefile src/measurement.c include/SU3_parameters.h include/lattice.h include/SU3_ops.h include/SU2_ops.h include/gauge_fixing.h
#  Implicit rule search has been done.
#  Implicit/static pattern stem: 'measurement'
#  Last modified 2022-08-22 18:07:57.570981036
#  File has been updated.
#  Successfully updated.
#  recipe to execute (from 'Makefile', line 43):
	$(CC) -c $< -o $@  $(CFLAGS) $(WARNINGS) -MMD -MP

# Not a target:
build/SU2_ops.d:
#  Implicit rule search has been done.
#  Last modified 2022-08-22 18:07:57.606980974
#  File has been updated.
#  Successfully updated.

# Not a target:
src/SU2_ops.c:
#  Implicit rule search has been done.
#  Last modified 2022-08-22 16:57:23.128891787
#  File has been updated.
#  Successfully updated.

# Not a target:
build/integpoly_gauge_fixing.d:
#  Implicit rule search has been done.
#  Last modified 2022-08-22 18:07:57.406981316
#  File has been updated.
#  Successfully updated.

include/SU3_parameters.h:
#  Implicit rule search has been done.
#  Last modified 2022-08-17 15:21:23.929639591
#  File has been updated.
#  Successfully updated.

build/config_io.o: src/config_io.c Makefile src/config_io.c include/SU3_gaugefixing_parameters.h include/SU3_parameters.h include/SU2_ops.h include/lattice.h include/SU3_ops.h include/gauge_fixing.h
#  Implicit rule search has been done.
#  Implicit/static pattern stem: 'config_io'
#  Last modified 2022-08-22 18:07:57.174981712
#  File has been updated.
#  Successfully updated.
#  recipe to execute (from 'Makefile', line 43):
	$(CC) -c $< -o $@  $(CFLAGS) $(WARNINGS) -MMD -MP

# Not a target:
build/convert_precision.d:
#  Implicit rule search has been done.
#  Last modified 2022-08-22 18:07:57.178981706
#  File has been updated.
#  Successfully updated.

include/SU2_ops.h:
#  Implicit rule search has been done.
#  Last modified 2022-08-22 16:57:23.124891791
#  File has been updated.
#  Successfully updated.

include/fourvector_field.h:
#  Implicit rule search has been done.
#  Last modified 2022-05-11 11:14:02.914181758
#  File has been updated.
#  Successfully updated.

build/convert_precision.o: src/convert_precision.c Makefile src/convert_precision.c
#  Implicit rule search has been done.
#  Implicit/static pattern stem: 'convert_precision'
#  Last modified 2022-08-22 18:07:57.182981699
#  File has been updated.
#  Successfully updated.
#  recipe to execute (from 'Makefile', line 43):
	$(CC) -c $< -o $@  $(CFLAGS) $(WARNINGS) -MMD -MP

plaquette_check: build/SU2_ops.o build/SU3_ops.o build/config_io.o build/convert_precision.o build/fourvector_field.o build/gauge_fixing.o build/integpoly_gauge_fixing.o build/lattice.o build/measurement.o
#  Implicit rule search has not been done.
#  Last modified 2022-08-22 18:07:58.278979827
#  File has been updated.
#  Successfully updated.
#  recipe to execute (from 'Makefile', line 34):
	$(CC) -o $@ $@.c $^ $(CFLAGS) $(WARNINGS) $(LIBS)

# Not a target:
build/measurement.d:
#  Implicit rule search has been done.
#  Last modified 2022-08-22 18:07:57.566981042
#  File has been updated.
#  Successfully updated.

# Not a target:
src/gauge_fixing.c:
#  Implicit rule search has been done.
#  Last modified 2022-08-22 17:41:07.762197079
#  File has been updated.
#  Successfully updated.

include/SU3_gaugefixing_parameters.h:
#  Implicit rule search has been done.
#  Last modified 2022-08-17 15:21:35.885554165
#  File has been updated.
#  Successfully updated.

# Not a target:
build/gauge_fixing.d:
#  Implicit rule search has been done.
#  Last modified 2022-08-22 18:07:57.338981433
#  File has been updated.
#  Successfully updated.

include/math_ops.h:
#  Implicit rule search has been done.
#  Last modified 2022-08-22 17:52:49.856608124
#  File has been updated.
#  Successfully updated.

include/lattice.h:
#  Implicit rule search has been done.
#  Last modified 2022-08-22 17:51:43.944737352
#  File has been updated.
#  Successfully updated.

.PHONY: all clean
#  Implicit rule search has not been done.
#  Modification time never checked.
#  File has not been updated.

# Not a target:
build/fourvector_field.d:
#  Implicit rule search has been done.
#  Last modified 2022-08-22 18:07:57.202981664
#  File has been updated.
#  Successfully updated.

build/fourvector_field.o: src/fourvector_field.c Makefile src/fourvector_field.c include/SU3_parameters.h include/lattice.h include/SU3_ops.h include/SU2_ops.h include/gauge_fixing.h
#  Implicit rule search has been done.
#  Implicit/static pattern stem: 'fourvector_field'
#  Last modified 2022-08-22 18:07:57.206981658
#  File has been updated.
#  Successfully updated.
#  recipe to execute (from 'Makefile', line 43):
	$(CC) -c $< -o $@  $(CFLAGS) $(WARNINGS) -MMD -MP

gauge_fix_coulomb: build/SU2_ops.o build/SU3_ops.o build/config_io.o build/convert_precision.o build/fourvector_field.o build/gauge_fixing.o build/integpoly_gauge_fixing.o build/lattice.o build/measurement.o
#  Implicit rule search has not been done.
#  Last modified 2022-08-22 18:07:58.234979901
#  File has been updated.
#  Successfully updated.
#  recipe to execute (from 'Makefile', line 31):
	$(CC) -o $@ $@.c $^ $(CFLAGS) $(WARNINGS) $(LIBS) 

build/integpoly_gauge_fixing.o: src/integpoly_gauge_fixing.c Makefile src/integpoly_gauge_fixing.c include/SU3_gaugefixing_parameters.h include/SU3_parameters.h include/SU3_ops.h include/lattice.h include/SU2_ops.h include/gauge_fixing.h include/integpoly_gauge_fixing.h
#  Implicit rule search has been done.
#  Implicit/static pattern stem: 'integpoly_gauge_fixing'
#  Last modified 2022-08-22 18:07:57.41098131
#  File has been updated.
#  Successfully updated.
#  recipe to execute (from 'Makefile', line 43):
	$(CC) -c $< -o $@  $(CFLAGS) $(WARNINGS) -MMD -MP

# files hash-table stats:
# Load=44/1024=4%, Rehash=0, Collisions=15/237=6%
# VPATH Search Paths

# No 'vpath' search paths.

# No general ('VPATH' variable) search path.

# strcache buffers: 1 (0) / strings = 89 / storage = 1433 B / avg = 16 B
# current buf: size = 8162 B / used = 1433 B / count = 89 / avg = 16 B

# strcache performance: lookups = 313 / hit rate = 71%
# hash-table stats:
# Load=89/8192=1%, Rehash=0, Collisions=24/313=8%
# Finished Make data base on Mon Aug 22 18:08:53 2022

 
